<?xml version="1.0" encoding="UTF-8"?>
<testng-results skipped="0" failed="0" total="4" passed="4">
  <reporter-output>
  </reporter-output>
  <suite name="Default suite" duration-ms="1267" started-at="2017-12-11T16:36:20Z" finished-at="2017-12-11T16:36:22Z">
    <groups>
    </groups>
    <test name="Default test" duration-ms="1267" started-at="2017-12-11T16:36:20Z" finished-at="2017-12-11T16:36:22Z">
      <class name="com.qa.test.GetUrl">
        <test-method status="PASS" signature="setUP()[pri:0, instance:com.qa.test.GetUrl@548b7f67]" name="setUP" is-config="true" duration-ms="11" started-at="2017-12-11T11:36:20Z" finished-at="2017-12-11T11:36:20Z">
          <reporter-output>
          </reporter-output>
        </test-method> <!-- setUP -->
        <test-method status="PASS" signature="getResponseCode_200()[pri:0, instance:com.qa.test.GetUrl@548b7f67]" name="getResponseCode_200" duration-ms="887" started-at="2017-12-11T11:36:20Z" finished-at="2017-12-11T11:36:21Z">
          <reporter-output>
          </reporter-output>
        </test-method> <!-- getResponseCode_200 -->
        <test-method status="PASS" signature="getApiTestWithHeader()[pri:0, instance:com.qa.test.GetUrl@548b7f67]" name="getApiTestWithHeader" duration-ms="334" started-at="2017-12-11T11:36:21Z" finished-at="2017-12-11T11:36:21Z">
          <reporter-output>
          </reporter-output>
        </test-method> <!-- getApiTestWithHeader -->
        <test-method status="PASS" signature="getHeader()[pri:0, instance:com.qa.test.GetUrl@548b7f67]" name="getHeader" duration-ms="5" started-at="2017-12-11T11:36:21Z" depends-on-methods="com.qa.test.GetUrl.getResponseCode_200" finished-at="2017-12-11T11:36:21Z">
          <reporter-output>
          </reporter-output>
        </test-method> <!-- getHeader -->
        <test-method status="PASS" signature="getJasonResponse()[pri:0, instance:com.qa.test.GetUrl@548b7f67]" name="getJasonResponse" duration-ms="9" started-at="2017-12-11T11:36:21Z" depends-on-methods="com.qa.test.GetUrl.getResponseCode_200" finished-at="2017-12-11T11:36:22Z">
          <reporter-output>
          </reporter-output>
        </test-method> <!-- getJasonResponse -->
      </class> <!-- com.qa.test.GetUrl -->
    </test> <!-- Default test -->
  </suite> <!-- Default suite -->
</testng-results>
